Arguments: 
  /Users/marissaburgos/.nvm/versions/node/v14.15.3/bin/node /Users/marissaburgos/.yarn/bin/yarn.js add nodemon

PATH: 
  /Users/marissaburgos/.yarn/bin:/Users/marissaburgos/.config/yarn/global/node_modules/.bin:/Users/marissaburgos/.nvm/versions/node/v14.15.3/bin:/usr/local/bin:/usr/bin:/bin:/usr/sbin:/sbin:/Applications/Postgres.app/Contents/Versions/latest/bin

Yarn version: 
  1.22.5

Node version: 
  14.15.3

Platform: 
  darwin x64

Trace: 
  SyntaxError: /Users/marissaburgos/Documents/Projects/lightfeather-project/server/package.json: Unexpected token , in JSON at position 253
      at JSON.parse (<anonymous>)
      at /Users/marissaburgos/.yarn/lib/cli.js:1625:59
      at Generator.next (<anonymous>)
      at step (/Users/marissaburgos/.yarn/lib/cli.js:310:30)
      at /Users/marissaburgos/.yarn/lib/cli.js:321:13

npm manifest: 
  {
    "name": "server",
    "version": "1.0.0",
    "description": "",
    "main": "index.js",
    "scripts": {
      "test": "echo \"Error: no test specified\" && exit 1",
      "start": "nodemon server.js"
    },
    "keywords": [],
    "author": "",
    "license": "ISC"
  },
  "type": "module"

yarn manifest: 
  No manifest

Lockfile: 
  No lockfile
